<?xml version="1.0" encoding="UTF-8"?>
<!-- Generated by org.testng.reporters.JUnitXMLReporter -->
<testsuite ignored="1" hostname="vishal-PC" failures="0" tests="1" name="Default test(failed)" time="48.145" errors="0" timestamp="2021-11-18T21:51:50 IST">
  <testcase classname="TestClasses.toVerifyGrowwHomePage" name="verifyBalance" time="6.543"/>
  <testcase classname="TestClasses.toVerifyGrowwHomePage" name="verifyInvestmentTab" time="0.0">
    <ignored/>
  </testcase> <!-- verifyInvestmentTab -->
</testsuite> <!-- Default test(failed) -->
